This file contains any messages produced by compilers while
running configure, to aid debugging if configure makes a mistake.

It was created by motion configure 3.2.12, which was
generated by GNU Autoconf 2.65.  Invocation command line was

  $ ./configure --prefix=/usr

## --------- ##
## Platform. ##
## --------- ##

hostname = stewart
uname -m = x86_64
uname -r = 3.4.72-rt89
uname -s = Linux
uname -v = #1 SMP PREEMPT RT Mon Dec 30 17:42:28 CST 2013

/usr/bin/uname -p = unknown
/bin/uname -X     = unknown

/bin/arch              = unknown
/usr/bin/arch -k       = unknown
/usr/convex/getsysinfo = unknown
/usr/bin/hostinfo      = unknown
/bin/machine           = unknown
/usr/bin/oslevel       = unknown
/bin/universe          = unknown

PATH: /usr/jdk1.7.0_40/bin
PATH: /home/stewart/bin
PATH: /usr/lib/lightdm/lightdm
PATH: /usr/local/sbin
PATH: /usr/local/bin
PATH: /usr/sbin
PATH: /usr/bin
PATH: /sbin
PATH: /bin
PATH: /usr/games
PATH: /opt/maven-3.0.4/apache-maven-3.0.4/bin
PATH: /home/stewart/iWork/common/bin
PATH: /opt/adt-bundle-linux-x86-20130729/sdk/platform-tools
PATH: /opt/android-ndk-r8e
PATH: /opt/android-ndk-r8e/platform-tools
PATH: /opt/adt-bundle-linux-x86-20130729/sdk/build-tools/android-4.3/
PATH: /opt/depot_tools
PATH: /opt/android-ndk-r8e/arm_tools/bin
PATH: /opt/android-ndk-r8e
PATH: /home/stewart/bin
PATH: /home/stewart/iWork/common/arm-2009q1/bin
PATH: /home/stewart/iWork/common/gcc-linaro-arm-linux-gnueabihf-4.8-2013.10_linux/bin
PATH: /home/stewart/iWork/common/node-v0.10.24-linux-x86/bin


## ----------- ##
## Core tests. ##
## ----------- ##

configure:2389: checking for Darwin
configure:2394: result: no
configure:2396: checking for *BSD
configure:2401: result: no
configure:2495: checking for gcc
configure:2511: found /usr/bin/gcc
configure:2522: result: gcc
configure:2751: checking for C compiler version
configure:2760: gcc --version >&5
gcc (Ubuntu/Linaro 4.6.3-1ubuntu5) 4.6.3
Copyright (C) 2011 Free Software Foundation, Inc.
This is free software; see the source for copying conditions.  There is NO
warranty; not even for MERCHANTABILITY or FITNESS FOR A PARTICULAR PURPOSE.

configure:2771: $? = 0
configure:2760: gcc -v >&5
Using built-in specs.
COLLECT_GCC=gcc
COLLECT_LTO_WRAPPER=/usr/lib/gcc/x86_64-linux-gnu/4.6/lto-wrapper
Target: x86_64-linux-gnu
Configured with: ../src/configure -v --with-pkgversion='Ubuntu/Linaro 4.6.3-1ubuntu5' --with-bugurl=file:///usr/share/doc/gcc-4.6/README.Bugs --enable-languages=c,c++,fortran,objc,obj-c++ --prefix=/usr --program-suffix=-4.6 --enable-shared --enable-linker-build-id --with-system-zlib --libexecdir=/usr/lib --without-included-gettext --enable-threads=posix --with-gxx-include-dir=/usr/include/c++/4.6 --libdir=/usr/lib --enable-nls --with-sysroot=/ --enable-clocale=gnu --enable-libstdcxx-debug --enable-libstdcxx-time=yes --enable-gnu-unique-object --enable-plugin --enable-objc-gc --disable-werror --with-arch-32=i686 --with-tune=generic --enable-checking=release --build=x86_64-linux-gnu --host=x86_64-linux-gnu --target=x86_64-linux-gnu
Thread model: posix
gcc version 4.6.3 (Ubuntu/Linaro 4.6.3-1ubuntu5) 
configure:2771: $? = 0
configure:2760: gcc -V >&5
gcc: error: unrecognized option '-V'
gcc: fatal error: no input files
compilation terminated.
configure:2771: $? = 4
configure:2760: gcc -qversion >&5
gcc: error: unrecognized option '-qversion'
gcc: fatal error: no input files
compilation terminated.
configure:2771: $? = 4
configure:2791: checking whether the C compiler works
configure:2813: gcc    conftest.c  >&5
configure:2817: $? = 0
configure:2866: result: yes
configure:2869: checking for C compiler default output file name
configure:2871: result: a.out
configure:2877: checking for suffix of executables
configure:2884: gcc -o conftest    conftest.c  >&5
configure:2888: $? = 0
configure:2910: result: 
configure:2932: checking whether we are cross compiling
configure:2940: gcc -o conftest    conftest.c  >&5
configure:2944: $? = 0
configure:2951: ./conftest
configure:2955: $? = 0
configure:2970: result: no
configure:2975: checking for suffix of object files
configure:2997: gcc -c   conftest.c >&5
configure:3001: $? = 0
configure:3022: result: o
configure:3026: checking whether we are using the GNU C compiler
configure:3045: gcc -c   conftest.c >&5
configure:3045: $? = 0
configure:3054: result: yes
configure:3063: checking whether gcc accepts -g
configure:3083: gcc -c -g  conftest.c >&5
configure:3083: $? = 0
configure:3124: result: yes
configure:3141: checking for gcc option to accept ISO C89
configure:3205: gcc  -c -g -O2  conftest.c >&5
configure:3205: $? = 0
configure:3218: result: none needed
configure:3348: checking threads
configure:3364: gcc -o conftest -g -O2   conftest.c  >&5
/tmp/ccNOPPDg.o: In function `main':
/home/stewart/iWork/Demo/motion-3.2.12/conftest.c:13: undefined reference to `pthread_join'
/home/stewart/iWork/Demo/motion-3.2.12/conftest.c:14: undefined reference to `__pthread_register_cancel'
/home/stewart/iWork/Demo/motion-3.2.12/conftest.c:15: undefined reference to `pthread_create'
/home/stewart/iWork/Demo/motion-3.2.12/conftest.c:15: undefined reference to `__pthread_unregister_cancel'
collect2: ld returned 1 exit status
configure:3364: $? = 1
configure: failed program was:
| /* confdefs.h */
| #define PACKAGE_NAME "motion"
| #define PACKAGE_TARNAME "motion"
| #define PACKAGE_VERSION "3.2.12"
| #define PACKAGE_STRING "motion 3.2.12"
| #define PACKAGE_BUGREPORT ""
| #define PACKAGE_URL ""
| /* end confdefs.h.  */
| #include <pthread.h>
| int
| main ()
| {
| pthread_t th; pthread_join(th, 0);
|  pthread_attr_init(0); pthread_cleanup_push(0, 0);
|  pthread_create(0,0,0,0); pthread_cleanup_pop(0);
|   ;
|   return 0;
| }
configure:3381: result: yes
configure:3410: checking for libjpeg-mmx
configure:3412: result: skipping
configure:3505: checking for libjpeg
configure:3509: checking for jpeg_set_defaults in -ljpeg
configure:3534: gcc -o conftest -g -O2    conftest.c -ljpeg   >&5
configure:3534: $? = 0
configure:3543: result: yes
configure:3588: checking for ffmpeg autodetecting
configure:3598: result: found in /usr/lib
configure:3659: checking for ffmpeg headers in /usr
configure:3675: result: found /usr/include/libavformat/avformat.h
configure:3708: checking file_protocol is defined in ffmpeg ?
configure:3726: gcc -c -I/usr/include -DFFMPEG_NEW_INCLUDES  conftest.c >&5
conftest.c:10:25: fatal error: avformat.h: No such file or directory
compilation terminated.
configure:3726: $? = 1
configure: failed program was:
| /* confdefs.h */
| #define PACKAGE_NAME "motion"
| #define PACKAGE_TARNAME "motion"
| #define PACKAGE_VERSION "3.2.12"
| #define PACKAGE_STRING "motion 3.2.12"
| #define PACKAGE_BUGREPORT ""
| #define PACKAGE_URL ""
| /* end confdefs.h.  */
| 
| 			#include <avformat.h>
| 			URLProtocol test_file_protocol;
| 			int main(void){
| 				test_file_protocol.url_read  = file_protocol.url_read;
| 				return 0;
| 			}
| 
configure:3731: result: no
configure:3754: checking for mysql support
configure:3790: result: testing
configure:3795: checking autodect mysql headers
configure:3835: result: yes
configure:3845: checking autodect mysql libs
configure:3881: result: not found
configure:3989: checking for PostgreSQL
configure:3996: result: testing
configure:4002: checking autodect pgsql headers
configure:4028: result: not found
configure:4154: checking how to run the C preprocessor
configure:4185: gcc -E  conftest.c
configure:4185: $? = 0
configure:4199: gcc -E  conftest.c
conftest.c:9:28: fatal error: ac_nonexistent.h: No such file or directory
compilation terminated.
configure:4199: $? = 1
configure: failed program was:
| /* confdefs.h */
| #define PACKAGE_NAME "motion"
| #define PACKAGE_TARNAME "motion"
| #define PACKAGE_VERSION "3.2.12"
| #define PACKAGE_STRING "motion 3.2.12"
| #define PACKAGE_BUGREPORT ""
| #define PACKAGE_URL ""
| /* end confdefs.h.  */
| #include <ac_nonexistent.h>
configure:4224: result: gcc -E
configure:4244: gcc -E  conftest.c
configure:4244: $? = 0
configure:4258: gcc -E  conftest.c
conftest.c:9:28: fatal error: ac_nonexistent.h: No such file or directory
compilation terminated.
configure:4258: $? = 1
configure: failed program was:
| /* confdefs.h */
| #define PACKAGE_NAME "motion"
| #define PACKAGE_TARNAME "motion"
| #define PACKAGE_VERSION "3.2.12"
| #define PACKAGE_STRING "motion 3.2.12"
| #define PACKAGE_BUGREPORT ""
| #define PACKAGE_URL ""
| /* end confdefs.h.  */
| #include <ac_nonexistent.h>
configure:4287: checking for grep that handles long lines and -e
configure:4345: result: /bin/grep
configure:4350: checking for egrep
configure:4412: result: /bin/grep -E
configure:4417: checking for ANSI C header files
configure:4437: gcc -c -g -O2  conftest.c >&5
configure:4437: $? = 0
configure:4510: gcc -o conftest -g -O2    conftest.c  >&5
configure:4510: $? = 0
configure:4510: ./conftest
configure:4510: $? = 0
configure:4521: result: yes
configure:4534: checking for sys/types.h
configure:4534: gcc -c -g -O2  conftest.c >&5
configure:4534: $? = 0
configure:4534: result: yes
configure:4534: checking for sys/stat.h
configure:4534: gcc -c -g -O2  conftest.c >&5
configure:4534: $? = 0
configure:4534: result: yes
configure:4534: checking for stdlib.h
configure:4534: gcc -c -g -O2  conftest.c >&5
configure:4534: $? = 0
configure:4534: result: yes
configure:4534: checking for string.h
configure:4534: gcc -c -g -O2  conftest.c >&5
configure:4534: $? = 0
configure:4534: result: yes
configure:4534: checking for memory.h
configure:4534: gcc -c -g -O2  conftest.c >&5
configure:4534: $? = 0
configure:4534: result: yes
configure:4534: checking for strings.h
configure:4534: gcc -c -g -O2  conftest.c >&5
configure:4534: $? = 0
configure:4534: result: yes
configure:4534: checking for inttypes.h
configure:4534: gcc -c -g -O2  conftest.c >&5
configure:4534: $? = 0
configure:4534: result: yes
configure:4534: checking for stdint.h
configure:4534: gcc -c -g -O2  conftest.c >&5
configure:4534: $? = 0
configure:4534: result: yes
configure:4534: checking for unistd.h
configure:4534: gcc -c -g -O2  conftest.c >&5
configure:4534: $? = 0
configure:4534: result: yes
configure:4550: checking stdio.h usability
configure:4550: gcc -c -g -O2  conftest.c >&5
configure:4550: $? = 0
configure:4550: result: yes
configure:4550: checking stdio.h presence
configure:4550: gcc -E  conftest.c
configure:4550: $? = 0
configure:4550: result: yes
configure:4550: checking for stdio.h
configure:4550: result: yes
configure:4550: checking for unistd.h
configure:4550: result: yes
configure:4550: checking for stdint.h
configure:4550: result: yes
configure:4550: checking fcntl.h usability
configure:4550: gcc -c -g -O2  conftest.c >&5
configure:4550: $? = 0
configure:4550: result: yes
configure:4550: checking fcntl.h presence
configure:4550: gcc -E  conftest.c
configure:4550: $? = 0
configure:4550: result: yes
configure:4550: checking for fcntl.h
configure:4550: result: yes
configure:4550: checking time.h usability
configure:4550: gcc -c -g -O2  conftest.c >&5
configure:4550: $? = 0
configure:4550: result: yes
configure:4550: checking time.h presence
configure:4550: gcc -E  conftest.c
configure:4550: $? = 0
configure:4550: result: yes
configure:4550: checking for time.h
configure:4550: result: yes
configure:4550: checking signal.h usability
configure:4550: gcc -c -g -O2  conftest.c >&5
configure:4550: $? = 0
configure:4550: result: yes
configure:4550: checking signal.h presence
configure:4550: gcc -E  conftest.c
configure:4550: $? = 0
configure:4550: result: yes
configure:4550: checking for signal.h
configure:4550: result: yes
configure:4550: checking sys/ioctl.h usability
configure:4550: gcc -c -g -O2  conftest.c >&5
configure:4550: $? = 0
configure:4550: result: yes
configure:4550: checking sys/ioctl.h presence
configure:4550: gcc -E  conftest.c
configure:4550: $? = 0
configure:4550: result: yes
configure:4550: checking for sys/ioctl.h
configure:4550: result: yes
configure:4550: checking sys/mman.h usability
configure:4550: gcc -c -g -O2  conftest.c >&5
configure:4550: $? = 0
configure:4550: result: yes
configure:4550: checking sys/mman.h presence
configure:4550: gcc -E  conftest.c
configure:4550: $? = 0
configure:4550: result: yes
configure:4550: checking for sys/mman.h
configure:4550: result: yes
configure:4550: checking linux/videodev.h usability
configure:4550: gcc -c -g -O2  conftest.c >&5
conftest.c:60:28: fatal error: linux/videodev.h: No such file or directory
compilation terminated.
configure:4550: $? = 1
configure: failed program was:
| /* confdefs.h */
| #define PACKAGE_NAME "motion"
| #define PACKAGE_TARNAME "motion"
| #define PACKAGE_VERSION "3.2.12"
| #define PACKAGE_STRING "motion 3.2.12"
| #define PACKAGE_BUGREPORT ""
| #define PACKAGE_URL ""
| #define STDC_HEADERS 1
| #define HAVE_SYS_TYPES_H 1
| #define HAVE_SYS_STAT_H 1
| #define HAVE_STDLIB_H 1
| #define HAVE_STRING_H 1
| #define HAVE_MEMORY_H 1
| #define HAVE_STRINGS_H 1
| #define HAVE_INTTYPES_H 1
| #define HAVE_STDINT_H 1
| #define HAVE_UNISTD_H 1
| #define HAVE_STDIO_H 1
| #define HAVE_UNISTD_H 1
| #define HAVE_STDINT_H 1
| #define HAVE_FCNTL_H 1
| #define HAVE_TIME_H 1
| #define HAVE_SIGNAL_H 1
| #define HAVE_SYS_IOCTL_H 1
| #define HAVE_SYS_MMAN_H 1
| /* end confdefs.h.  */
| #include <stdio.h>
| #ifdef HAVE_SYS_TYPES_H
| # include <sys/types.h>
| #endif
| #ifdef HAVE_SYS_STAT_H
| # include <sys/stat.h>
| #endif
| #ifdef STDC_HEADERS
| # include <stdlib.h>
| # include <stddef.h>
| #else
| # ifdef HAVE_STDLIB_H
| #  include <stdlib.h>
| # endif
| #endif
| #ifdef HAVE_STRING_H
| # if !defined STDC_HEADERS && defined HAVE_MEMORY_H
| #  include <memory.h>
| # endif
| # include <string.h>
| #endif
| #ifdef HAVE_STRINGS_H
| # include <strings.h>
| #endif
| #ifdef HAVE_INTTYPES_H
| # include <inttypes.h>
| #endif
| #ifdef HAVE_STDINT_H
| # include <stdint.h>
| #endif
| #ifdef HAVE_UNISTD_H
| # include <unistd.h>
| #endif
| #include <linux/videodev.h>
configure:4550: result: no
configure:4550: checking linux/videodev.h presence
configure:4550: gcc -E  conftest.c
conftest.c:27:28: fatal error: linux/videodev.h: No such file or directory
compilation terminated.
configure:4550: $? = 1
configure: failed program was:
| /* confdefs.h */
| #define PACKAGE_NAME "motion"
| #define PACKAGE_TARNAME "motion"
| #define PACKAGE_VERSION "3.2.12"
| #define PACKAGE_STRING "motion 3.2.12"
| #define PACKAGE_BUGREPORT ""
| #define PACKAGE_URL ""
| #define STDC_HEADERS 1
| #define HAVE_SYS_TYPES_H 1
| #define HAVE_SYS_STAT_H 1
| #define HAVE_STDLIB_H 1
| #define HAVE_STRING_H 1
| #define HAVE_MEMORY_H 1
| #define HAVE_STRINGS_H 1
| #define HAVE_INTTYPES_H 1
| #define HAVE_STDINT_H 1
| #define HAVE_UNISTD_H 1
| #define HAVE_STDIO_H 1
| #define HAVE_UNISTD_H 1
| #define HAVE_STDINT_H 1
| #define HAVE_FCNTL_H 1
| #define HAVE_TIME_H 1
| #define HAVE_SIGNAL_H 1
| #define HAVE_SYS_IOCTL_H 1
| #define HAVE_SYS_MMAN_H 1
| /* end confdefs.h.  */
| #include <linux/videodev.h>
configure:4550: result: no
configure:4550: checking for linux/videodev.h
configure:4550: result: no
configure:4550: checking linux/videodev2.h usability
configure:4550: gcc -c -g -O2  conftest.c >&5
configure:4550: $? = 0
configure:4550: result: yes
configure:4550: checking linux/videodev2.h presence
configure:4550: gcc -E  conftest.c
configure:4550: $? = 0
configure:4550: result: yes
configure:4550: checking for linux/videodev2.h
configure:4550: result: yes
configure:4550: checking sys/param.h usability
configure:4550: gcc -c -g -O2  conftest.c >&5
configure:4550: $? = 0
configure:4550: result: yes
configure:4550: checking sys/param.h presence
configure:4550: gcc -E  conftest.c
configure:4550: $? = 0
configure:4550: result: yes
configure:4550: checking for sys/param.h
configure:4550: result: yes
configure:4550: checking for sys/types.h
configure:4550: result: yes
configure:4564: checking for get_current_dir_name
configure:4564: gcc -o conftest -g -O2    conftest.c  >&5
configure:4564: $? = 0
configure:4564: result: yes
configure:4585: checking for struct v4l2_buffer
configure:4585: gcc -c -g -O2  conftest.c >&5
conftest.c:32:31: fatal error: linux/videodev.h: No such file or directory
compilation terminated.
configure:4585: $? = 1
configure: failed program was:
| /* confdefs.h */
| #define PACKAGE_NAME "motion"
| #define PACKAGE_TARNAME "motion"
| #define PACKAGE_VERSION "3.2.12"
| #define PACKAGE_STRING "motion 3.2.12"
| #define PACKAGE_BUGREPORT ""
| #define PACKAGE_URL ""
| #define STDC_HEADERS 1
| #define HAVE_SYS_TYPES_H 1
| #define HAVE_SYS_STAT_H 1
| #define HAVE_STDLIB_H 1
| #define HAVE_STRING_H 1
| #define HAVE_MEMORY_H 1
| #define HAVE_STRINGS_H 1
| #define HAVE_INTTYPES_H 1
| #define HAVE_STDINT_H 1
| #define HAVE_UNISTD_H 1
| #define HAVE_STDIO_H 1
| #define HAVE_UNISTD_H 1
| #define HAVE_STDINT_H 1
| #define HAVE_FCNTL_H 1
| #define HAVE_TIME_H 1
| #define HAVE_SIGNAL_H 1
| #define HAVE_SYS_IOCTL_H 1
| #define HAVE_SYS_MMAN_H 1
| #define HAVE_LINUX_VIDEODEV2_H 1
| #define HAVE_SYS_PARAM_H 1
| #define HAVE_SYS_TYPES_H 1
| #define HAVE_GET_CURRENT_DIR_NAME 1
| /* end confdefs.h.  */
| #include <sys/time.h>
| 			#include <linux/videodev.h>
| 
| int
| main ()
| {
| if (sizeof (struct v4l2_buffer))
| 	 return 0;
|   ;
|   return 0;
| }
configure:4585: result: no
configure:4595: checking for V42L support
configure:4602: result: no
configure:4608: checking for V42L *old* support
configure:4610: result: testing
configure:4614: checking for linux/videodev2.h
configure:4614: result: yes
configure:4641: checking size of short
configure:4646: gcc -o conftest -g -O2    conftest.c  >&5
configure:4646: $? = 0
configure:4646: ./conftest
configure:4646: $? = 0
configure:4661: result: 2
configure:4675: checking size of int
configure:4680: gcc -o conftest -g -O2    conftest.c  >&5
configure:4680: $? = 0
configure:4680: ./conftest
configure:4680: $? = 0
configure:4695: result: 4
configure:4709: checking size of long int
configure:4714: gcc -o conftest -g -O2    conftest.c  >&5
configure:4714: $? = 0
configure:4714: ./conftest
configure:4714: $? = 0
configure:4729: result: 8
configure:4743: checking size of long long
configure:4748: gcc -o conftest -g -O2    conftest.c  >&5
configure:4748: $? = 0
configure:4748: ./conftest
configure:4748: $? = 0
configure:4763: result: 8
configure:4777: checking size of int *
configure:4782: gcc -o conftest -g -O2    conftest.c  >&5
configure:4782: $? = 0
configure:4782: ./conftest
configure:4782: $? = 0
configure:4797: result: 8
configure:4811: checking size of void *
configure:4816: gcc -o conftest -g -O2    conftest.c  >&5
configure:4816: $? = 0
configure:4816: ./conftest
configure:4816: $? = 0
configure:4831: result: 8
configure:4876: checking for an ANSI C-conforming const
configure:4941: gcc -c -g -O2  conftest.c >&5
configure:4941: $? = 0
configure:4948: result: yes
configure:5174: checking for bswap instruction
configure:5191: gcc -o conftest -g -O2    conftest.c  >&5
configure:5191: $? = 0
configure:5194: result: yes
configure:5342: creating ./config.status

## ---------------------- ##
## Running config.status. ##
## ---------------------- ##

This file was extended by motion config.status 3.2.12, which was
generated by GNU Autoconf 2.65.  Invocation command line was

  CONFIG_FILES    = 
  CONFIG_HEADERS  = 
  CONFIG_LINKS    = 
  CONFIG_COMMANDS = 
  $ ./config.status 

on stewart

config.status:833: creating thread1.conf
config.status:833: creating thread2.conf
config.status:833: creating thread3.conf
config.status:833: creating thread4.conf
config.status:833: creating motion-dist.conf
config.status:833: creating motion.init-FreeBSD.sh
config.status:833: creating motion.init-Debian
config.status:833: creating motion.init-Fedora
config.status:833: creating motion.spec
config.status:833: creating Makefile
config.status:833: creating config.h
config.status:994: config.h is unchanged

## ---------------- ##
## Cache variables. ##
## ---------------- ##

ac_cv_c_compiler_gnu=yes
ac_cv_c_const=yes
ac_cv_env_CC_set=
ac_cv_env_CC_value=
ac_cv_env_CFLAGS_set=
ac_cv_env_CFLAGS_value=
ac_cv_env_CPPFLAGS_set=
ac_cv_env_CPPFLAGS_value=
ac_cv_env_CPP_set=
ac_cv_env_CPP_value=
ac_cv_env_LDFLAGS_set=
ac_cv_env_LDFLAGS_value=
ac_cv_env_LIBS_set=
ac_cv_env_LIBS_value=
ac_cv_env_build_alias_set=
ac_cv_env_build_alias_value=
ac_cv_env_host_alias_set=
ac_cv_env_host_alias_value=
ac_cv_env_target_alias_set=
ac_cv_env_target_alias_value=
ac_cv_func_get_current_dir_name=yes
ac_cv_header_fcntl_h=yes
ac_cv_header_inttypes_h=yes
ac_cv_header_linux_videodev2_h=yes
ac_cv_header_linux_videodev_h=no
ac_cv_header_memory_h=yes
ac_cv_header_signal_h=yes
ac_cv_header_stdc=yes
ac_cv_header_stdint_h=yes
ac_cv_header_stdio_h=yes
ac_cv_header_stdlib_h=yes
ac_cv_header_string_h=yes
ac_cv_header_strings_h=yes
ac_cv_header_sys_ioctl_h=yes
ac_cv_header_sys_mman_h=yes
ac_cv_header_sys_param_h=yes
ac_cv_header_sys_stat_h=yes
ac_cv_header_sys_types_h=yes
ac_cv_header_time_h=yes
ac_cv_header_unistd_h=yes
ac_cv_lib_jpeg_jpeg_set_defaults=yes
ac_cv_objext=o
ac_cv_path_EGREP='/bin/grep -E'
ac_cv_path_GREP=/bin/grep
ac_cv_prog_CPP='gcc -E'
ac_cv_prog_ac_ct_CC=gcc
ac_cv_prog_cc_c89=
ac_cv_prog_cc_g=yes
ac_cv_sizeof_int=4
ac_cv_sizeof_int_p=8
ac_cv_sizeof_long_int=8
ac_cv_sizeof_long_long=8
ac_cv_sizeof_short=2
ac_cv_sizeof_void_p=8
ac_cv_type_struct_v4l2_buffer=no

## ----------------- ##
## Output variables. ##
## ----------------- ##

BIN_PATH='/usr/bin'
CC='gcc'
CFLAGS=' -g -O2 -D_REENTRANT -DHAVE_FFMPEG -I/usr/include -DFFMPEG_NEW_INCLUDES -DHAVE_FFMPEG_NEW -DMOTION_V4L2 -DMOTION_V4L2_OLD -DTYPE_32BIT="int" -DHAVE_BSWAP   '
CPP='gcc -E'
CPPFLAGS=''
DEFS='-DHAVE_CONFIG_H'
DOC_DIR=''
ECHO_C=''
ECHO_N='-n'
ECHO_T=''
EGREP='/bin/grep -E'
EXEEXT=''
FFMPEG_OBJ='ffmpeg.o'
GREP='/bin/grep'
LDFLAGS='  -L/usr/lib'
LIBOBJS=''
LIBS='-lm  -lpthread -ljpeg -L/usr/lib -lavformat -lavcodec -lavutil -lm -lz'
LTLIBOBJS=''
OBJEXT='o'
PACKAGE_BUGREPORT=''
PACKAGE_NAME='motion'
PACKAGE_STRING='motion 3.2.12'
PACKAGE_TARNAME='motion'
PACKAGE_URL=''
PACKAGE_VERSION='3.2.12'
PATH_SEPARATOR=':'
SHELL='/bin/bash'
VIDEO='video.o video2.o video_common.o'
ac_ct_CC='gcc'
bindir='${exec_prefix}/bin'
build_alias=''
datadir='${datarootdir}'
datarootdir='${prefix}/share'
docdir='${datarootdir}/doc/${PACKAGE_TARNAME}'
dvidir='${docdir}'
exec_prefix='${prefix}'
host_alias=''
htmldir='${docdir}'
includedir='${prefix}/include'
infodir='${datarootdir}/info'
libdir='${exec_prefix}/lib'
libexecdir='${exec_prefix}/libexec'
localedir='${datarootdir}/locale'
localstatedir='${prefix}/var'
mandir='${datarootdir}/man'
oldincludedir='/usr/include'
pdfdir='${docdir}'
prefix='/usr'
program_transform_name='s,x,x,'
psdir='${docdir}'
sbindir='${exec_prefix}/sbin'
sharedstatedir='${prefix}/com'
sysconfdir='${prefix}/etc'
target_alias=''

## ----------- ##
## confdefs.h. ##
## ----------- ##

/* confdefs.h */
#define PACKAGE_NAME "motion"
#define PACKAGE_TARNAME "motion"
#define PACKAGE_VERSION "3.2.12"
#define PACKAGE_STRING "motion 3.2.12"
#define PACKAGE_BUGREPORT ""
#define PACKAGE_URL ""
#define STDC_HEADERS 1
#define HAVE_SYS_TYPES_H 1
#define HAVE_SYS_STAT_H 1
#define HAVE_STDLIB_H 1
#define HAVE_STRING_H 1
#define HAVE_MEMORY_H 1
#define HAVE_STRINGS_H 1
#define HAVE_INTTYPES_H 1
#define HAVE_STDINT_H 1
#define HAVE_UNISTD_H 1
#define HAVE_STDIO_H 1
#define HAVE_UNISTD_H 1
#define HAVE_STDINT_H 1
#define HAVE_FCNTL_H 1
#define HAVE_TIME_H 1
#define HAVE_SIGNAL_H 1
#define HAVE_SYS_IOCTL_H 1
#define HAVE_SYS_MMAN_H 1
#define HAVE_LINUX_VIDEODEV2_H 1
#define HAVE_SYS_PARAM_H 1
#define HAVE_SYS_TYPES_H 1
#define HAVE_GET_CURRENT_DIR_NAME 1
#define HAVE_LINUX_VIDEODEV2_H 1
#define SIZEOF_SHORT 2
#define SIZEOF_INT 4
#define SIZEOF_LONG_INT 8
#define SIZEOF_LONG_LONG 8
#define SIZEOF_INT_P 8
#define SIZEOF_VOID_P 8

configure: exit 0
